# JRE version: OpenJDK Runtime Environment Temurin-17.0.10+7 (17.0.10+7) (build 17.0.10+7)
# Java VM: OpenJDK 64-Bit Server VM Temurin-17.0.10+7 (17.0.10+7, mixed mode, emulated-client, tiered, compressed oops, compressed class ptrs, g1 gc, windows-amd64)
GC Precious Log:
 CPUs: 4 total, 4 available
 Memory: 3987M
 Large Page Support: Disabled
 NUMA Support: Disabled
 Compressed Oops: Enabled (32-bit)
 Heap Region Size: 1M
 Heap Min Capacity: 8M
 Heap Initial Capacity: 64M
 Heap Max Capacity: 1G
 Pre-touch: Disabled
 Parallel Workers: 4
 Concurrent Workers: 1
 Concurrent Refinement Workers: 4
 Periodic GC: Disabled
Heap:
 garbage-first heap   total 65536K, used 24614K [0x00000000c0000000, 0x0000000100000000)
  region size 1024K, 1 young (1024K), 0 survivors (0K)
 Metaspace       used 38958K, committed 39488K, reserved 1114112K
  class space    used 5142K, committed 5376K, reserved 1048576K
GC Heap History (20 events):
Event: 3592.958 GC heap before
{Heap before GC invocations=352 (full 339):
 garbage-first heap   total 65536K, used 24614K [0x00000000c0000000, 0x0000000100000000)
  region size 1024K, 1 young (1024K), 0 survivors (0K)
 Metaspace       used 38958K, committed 39488K, reserved 1114112K
  class space    used 5142K, committed 5376K, reserved 1048576K
}
Event: 3592.998 GC heap after
{Heap after GC invocations=353 (full 340):
 garbage-first heap   total 65536K, used 24614K [0x00000000c0000000, 0x0000000100000000)
  region size 1024K, 0 young (0K), 0 survivors (0K)
 Metaspace       used 38958K, committed 39488K, reserved 1114112K
  class space    used 5142K, committed 5376K, reserved 1048576K
}
Event: 3604.034 GC heap before
{Heap before GC invocations=353 (full 340):
 garbage-first heap   total 65536K, used 24614K [0x00000000c0000000, 0x0000000100000000)
  region size 1024K, 1 young (1024K), 0 survivors (0K)
 Metaspace       used 38958K, committed 39488K, reserved 1114112K
  class space    used 5142K, committed 5376K, reserved 1048576K
}
Event: 3604.089 GC heap after
{Heap after GC invocations=354 (full 341):
 garbage-first heap   total 65536K, used 24614K [0x00000000c0000000, 0x0000000100000000)
  region size 1024K, 0 young (0K), 0 survivors (0K)
 Metaspace       used 38958K, committed 39488K, reserved 1114112K
  class space    used 5142K, committed 5376K, reserved 1048576K
}
Event: 3614.593 GC heap before
{Heap before GC invocations=354 (full 341):
 garbage-first heap   total 65536K, used 24614K [0x00000000c0000000, 0x0000000100000000)
  region size 1024K, 1 young (1024K), 0 survivors (0K)
 Metaspace       used 38958K, committed 39488K, reserved 1114112K
  class space    used 5142K, committed 5376K, reserved 1048576K
}
Event: 3614.638 GC heap after
{Heap after GC invocations=355 (full 342):
 garbage-first heap   total 65536K, used 24614K [0x00000000c0000000, 0x0000000100000000)
  region size 1024K, 0 young (0K), 0 survivors (0K)
 Metaspace       used 38958K, committed 39488K, reserved 1114112K
  class space    used 5142K, committed 5376K, reserved 1048576K
}
Event: 3625.313 GC heap before
{Heap before GC invocations=355 (full 342):
 garbage-first heap   total 65536K, used 24614K [0x00000000c0000000, 0x0000000100000000)
  region size 1024K, 1 young (1024K), 0 survivors (0K)
 Metaspace       used 38958K, committed 39488K, reserved 1114112K
  class space    used 5142K, committed 5376K, reserved 1048576K
}
Event: 3625.355 GC heap after
{Heap after GC invocations=356 (full 343):
 garbage-first heap   total 65536K, used 24614K [0x00000000c0000000, 0x0000000100000000)
  region size 1024K, 0 young (0K), 0 survivors (0K)
 Metaspace       used 38958K, committed 39488K, reserved 1114112K
  class space    used 5142K, committed 5376K, reserved 1048576K
}
Event: 3635.990 GC heap before
{Heap before GC invocations=356 (full 343):
 garbage-first heap   total 65536K, used 24614K [0x00000000c0000000, 0x0000000100000000)
  region size 1024K, 1 young (1024K), 0 survivors (0K)
 Metaspace       used 38958K, committed 39488K, reserved 1114112K
  class space    used 5142K, committed 5376K, reserved 1048576K
}
Event: 3636.029 GC heap after
{Heap after GC invocations=357 (full 344):
 garbage-first heap   total 65536K, used 24614K [0x00000000c0000000, 0x0000000100000000)
  region size 1024K, 0 young (0K), 0 survivors (0K)
 Metaspace       used 38958K, committed 39488K, reserved 1114112K
  class space    used 5142K, committed 5376K, reserved 1048576K
}
Event: 3647.151 GC heap before
{Heap before GC invocations=357 (full 344):
 garbage-first heap   total 65536K, used 24614K [0x00000000c0000000, 0x0000000100000000)
  region size 1024K, 1 young (1024K), 0 survivors (0K)
 Metaspace       used 38958K, committed 39488K, reserved 1114112K
  class space    used 5142K, committed 5376K, reserved 1048576K
}
Event: 3647.214 GC heap after
{Heap after GC invocations=358 (full 345):
 garbage-first heap   total 65536K, used 24614K [0x00000000c0000000, 0x0000000100000000)
  region size 1024K, 0 young (0K), 0 survivors (0K)
 Metaspace       used 38958K, committed 39488K, reserved 1114112K
  class space    used 5142K, committed 5376K, reserved 1048576K
}
Event: 3657.889 GC heap before
{Heap before GC invocations=358 (full 345):
 garbage-first heap   total 65536K, used 24614K [0x00000000c0000000, 0x0000000100000000)
  region size 1024K, 1 young (1024K), 0 survivors (0K)
 Metaspace       used 38958K, committed 39488K, reserved 1114112K
  class space    used 5142K, committed 5376K, reserved 1048576K
}
Event: 3657.926 GC heap after
{Heap after GC invocations=359 (full 346):
 garbage-first heap   total 65536K, used 24614K [0x00000000c0000000, 0x0000000100000000)
  region size 1024K, 0 young (0K), 0 survivors (0K)
 Metaspace       used 38958K, committed 39488K, reserved 1114112K
  class space    used 5142K, committed 5376K, reserved 1048576K
}
Event: 3668.835 GC heap before
{Heap before GC invocations=359 (full 346):
 garbage-first heap   total 65536K, used 24614K [0x00000000c0000000, 0x0000000100000000)
  region size 1024K, 1 young (1024K), 0 survivors (0K)
 Metaspace       used 38958K, committed 39488K, reserved 1114112K
  class space    used 5142K, committed 5376K, reserved 1048576K
}
Event: 3668.874 GC heap after
{Heap after GC invocations=360 (full 347):
 garbage-first heap   total 65536K, used 24614K [0x00000000c0000000, 0x0000000100000000)
  region size 1024K, 0 young (0K), 0 survivors (0K)
 Metaspace       used 38958K, committed 39488K, reserved 1114112K
  class space    used 5142K, committed 5376K, reserved 1048576K
}
Event: 3679.497 GC heap before
{Heap before GC invocations=360 (full 347):
 garbage-first heap   total 65536K, used 24614K [0x00000000c0000000, 0x0000000100000000)
  region size 1024K, 1 young (1024K), 0 survivors (0K)
 Metaspace       used 38958K, committed 39488K, reserved 1114112K
  class space    used 5142K, committed 5376K, reserved 1048576K
}
Event: 3679.537 GC heap after
{Heap after GC invocations=361 (full 348):
 garbage-first heap   total 65536K, used 24614K [0x00000000c0000000, 0x0000000100000000)
  region size 1024K, 0 young (0K), 0 survivors (0K)
 Metaspace       used 38958K, committed 39488K, reserved 1114112K
  class space    used 5142K, committed 5376K, reserved 1048576K
}
Event: 3690.054 GC heap before
{Heap before GC invocations=361 (full 348):
 garbage-first heap   total 65536K, used 24614K [0x00000000c0000000, 0x0000000100000000)
  region size 1024K, 1 young (1024K), 0 survivors (0K)
 Metaspace       used 38958K, committed 39488K, reserved 1114112K
  class space    used 5142K, committed 5376K, reserved 1048576K
}
Event: 3690.092 GC heap after
{Heap after GC invocations=362 (full 349):
 garbage-first heap   total 65536K, used 24614K [0x00000000c0000000, 0x0000000100000000)
  region size 1024K, 0 young (0K), 0 survivors (0K)
 Metaspace       used 38958K, committed 39488K, reserved 1114112K
  class space    used 5142K, committed 5376K, reserved 1048576K
}

